nohup: ignoring input
nohup: failed to run command '/usr/local/bin/spgwu': No such file or directory
nohup: ignoring input
/usr/local/bin/spgwu: error while loading shared libraries: libfmt.so.9: cannot open shared object file: No such file or directory
nohup: ignoring input
/usr/local/bin/spgwu: error while loading shared libraries: libfmt.so.9: cannot open shared object file: No such file or directory
nohup: ignoring input
/usr/local/bin/spgwu: error while loading shared libraries: libfmt.so.9: cannot open shared object file: No such file or directory
nohup: ignoring input
/usr/local/bin/spgwu: error while loading shared libraries: libfmt.so.9: cannot open shared object file: No such file or directory
nohup: ignoring input
/usr/local/bin/spgwu: error while loading shared libraries: libfmt.so.9: cannot open shared object file: No such file or directory
nohup: ignoring input
/usr/local/bin/spgwu: error while loading shared libraries: libfmt.so.9: cannot open shared object file: No such file or directory
nohup: ignoring input
/usr/local/bin/spgwu: error while loading shared libraries: libfmt.so.9: cannot open shared object file: No such file or directory
nohup: ignoring input
/usr/local/bin/spgwu: error while loading shared libraries: libfmt.so.9: cannot open shared object file: No such file or directory
nohup: ignoring input
/usr/local/bin/spgwu: error while loading shared libraries: libfmt.so.9: cannot open shared object file: No such file or directory
nohup: ignoring input
/usr/local/bin/spgwu: error while loading shared libraries: libfmt.so.9: cannot open shared object file: No such file or directory
nohup: ignoring input
/usr/local/bin/spgwu: error while loading shared libraries: libfmt.so.9: cannot open shared object file: No such file or directory
nohup: ignoring input
/usr/local/bin/spgwu: error while loading shared libraries: libfmt.so.9: cannot open shared object file: No such file or directory
nohup: ignoring input
/usr/local/bin/spgwu: error while loading shared libraries: libfmt.so.9: cannot open shared object file: No such file or directory
nohup: ignoring input
/usr/local/bin/spgwu: error while loading shared libraries: libfmt.so.9: cannot open shared object file: No such file or directory
nohup: ignoring input
/usr/local/bin/spgwu: error while loading shared libraries: libfmt.so.9: cannot open shared object file: No such file or directory
nohup: ignoring input
/usr/local/bin/spgwu: error while loading shared libraries: libfmt.so.9: cannot open shared object file: No such file or directory
nohup: ignoring input
/usr/local/bin/spgwu: error while loading shared libraries: libfmt.so.9: cannot open shared object file: No such file or directory
nohup: ignoring input
/usr/local/bin/spgwu: error while loading shared libraries: libfmt.so.9: cannot open shared object file: No such file or directory
nohup: ignoring input
/usr/local/bin/spgwu: error while loading shared libraries: libfmt.so.9: cannot open shared object file: No such file or directory
nohup: ignoring input
/usr/local/bin/spgwu: error while loading shared libraries: libfmt.so.9: cannot open shared object file: No such file or directory
nohup: ignoring input
/usr/local/bin/spgwu: error while loading shared libraries: libfmt.so.9: cannot open shared object file: No such file or directory
nohup: ignoring input
nohup: failed to run command '/usr/local/bin/spgw_u': No such file or directory
nohup: ignoring input
nohup: failed to run command '/usr/local/bin/spgw_u': No such file or directory
nohup: ignoring input
nohup: failed to run command '/usr/local/bin/spgw_u': No such file or directory
nohup: ignoring input
/usr/local/bin/spgwu: error while loading shared libraries: libfmt.so.9: cannot open shared object file: No such file or directory
nohup: ignoring input
/usr/local/bin/spgwu: error while loading shared libraries: libfmt.so.9: cannot open shared object file: No such file or directory
nohup: ignoring input
/usr/local/bin/spgwu: error while loading shared libraries: libfmt.so.9: cannot open shared object file: No such file or directory
nohup: ignoring input
nohup: failed to run command '/usr/local/bin/spgw_u': No such file or directory
nohup: ignoring input
nohup: failed to run command '/usr/local/bin/oai_spgwu': No such file or directory
nohup: ignoring input
/usr/local/bin/spgwu: error while loading shared libraries: libfmt.so.9: cannot open shared object file: No such file or directory
